<?xml version="1.0" encoding="UTF-8"?>
<testng-results ignored="0" total="1" passed="1" failed="0" skipped="0">
  <reporter-output>
  </reporter-output>
  <suite started-at="2026-04-17T16:42:41 IST" name="Suite" finished-at="2026-04-17T16:42:47 IST" duration-ms="5737">
    <groups>
    </groups>
    <test started-at="2026-04-17T16:42:41 IST" name="Test" finished-at="2026-04-17T16:42:47 IST" duration-ms="5737">
      <class name="tests.FSProdTest">
        <test-method signature="getAllProducts()[pri:0, instance:tests.FSProdTest@5ddf0d24]" started-at="2026-04-17T16:42:41 IST" name="getAllProducts" finished-at="2026-04-17T16:42:47 IST" duration-ms="5626" status="PASS">
          <reporter-output>
          </reporter-output>
        </test-method> <!-- getAllProducts -->
      </class> <!-- tests.FSProdTest -->
    </test> <!-- Test -->
  </suite> <!-- Suite -->
</testng-results>
