<?xml version="1.0" encoding="UTF-8"?>
<!-- Generated by org.testng.reporters.JUnitReportReporter -->
<testsuite hostname="DESKTOP-TEB81MQ" failures="0" tests="5" name="tests.FSCartTest" time="6.141" errors="0" timestamp="2026-04-16T16:47:38 IST" skipped="0">
  <testcase classname="tests.FSCartTest" name="updateExistingCart" time="0.405"/>
  <testcase classname="tests.FSCartTest" name="getAllCarts" time="0.533"/>
  <testcase classname="tests.FSCartTest" name="addNewCart" time="4.134"/>
  <testcase classname="tests.FSCartTest" name="deleteCart" time="0.570"/>
  <testcase classname="tests.FSCartTest" name="getCartById" time="0.499"/>
</testsuite> <!-- tests.FSCartTest -->
